<?xml version="1.0" encoding="UTF-8"?>
<testng-results ignored="0" total="1" passed="1" failed="0" skipped="0">
  <reporter-output>
  </reporter-output>
  <suite started-at="2024-07-07T17:44:15 IST" name="Default suite" finished-at="2024-07-07T17:46:11 IST" duration-ms="116679">
    <groups>
    </groups>
    <test started-at="2024-07-07T17:44:15 IST" name="Default test" finished-at="2024-07-07T17:46:11 IST" duration-ms="116679">
      <class name="TestCase.HotelSearch_TestCase">
        <test-method is-config="true" signature="setUp()[pri:0, instance:TestCase.HotelSearch_TestCase@6989da5e]" started-at="2024-07-07T17:44:15 IST" name="setUp" finished-at="2024-07-07T17:44:16 IST" duration-ms="1508" status="PASS">
          <reporter-output>
          </reporter-output>
        </test-method> <!-- setUp -->
        <test-method signature="hotelSearchTest()[pri:0, instance:TestCase.HotelSearch_TestCase@6989da5e]" started-at="2024-07-07T17:44:16 IST" name="hotelSearchTest" finished-at="2024-07-07T17:46:11 IST" duration-ms="114990" status="PASS">
          <reporter-output>
          </reporter-output>
        </test-method> <!-- hotelSearchTest -->
        <test-method is-config="true" signature="tearDown()[pri:0, instance:TestCase.HotelSearch_TestCase@6989da5e]" started-at="2024-07-07T17:46:11 IST" name="tearDown" finished-at="2024-07-07T17:46:11 IST" duration-ms="154" status="PASS">
          <reporter-output>
          </reporter-output>
        </test-method> <!-- tearDown -->
      </class> <!-- TestCase.HotelSearch_TestCase -->
    </test> <!-- Default test -->
  </suite> <!-- Default suite -->
</testng-results>
